-------------------------------------------------------------------------------
Test set: storage.ClockReplacerTest
-------------------------------------------------------------------------------
Tests run: 15, Failures: 10, Errors: 5, Skipped: 0, Time elapsed: 0.127 s <<< FAILURE! -- in storage.ClockReplacerTest
storage.ClockReplacerTest.testInsertAfterEviction -- Time elapsed: 0.052 s <<< ERROR!
java.lang.NullPointerException: Cannot invoke "java.util.List.size()" because "this.frames" is null
	at edu.sustech.cs307.storage.replacer.ClockReplacer.size(ClockReplacer.java:28)
	at storage.ClockReplacerTest.testInsertAfterEviction(ClockReplacerTest.java:187)
	at java.base/java.lang.reflect.Method.invoke(Method.java:569)
	at java.base/java.util.ArrayList.forEach(ArrayList.java:1511)
	at java.base/java.util.ArrayList.forEach(ArrayList.java:1511)

storage.ClockReplacerTest.testPinnedFramesAreSkipped -- Time elapsed: 0.008 s <<< FAILURE!
org.opentest4j.AssertionFailedError: 

expected: 1
 but was: 0
	at java.base/jdk.internal.reflect.NativeConstructorAccessorImpl.newInstance0(Native Method)
	at java.base/jdk.internal.reflect.NativeConstructorAccessorImpl.newInstance(NativeConstructorAccessorImpl.java:77)
	at java.base/jdk.internal.reflect.DelegatingConstructorAccessorImpl.newInstance(DelegatingConstructorAccessorImpl.java:45)
	at java.base/java.lang.reflect.Constructor.newInstanceWithCaller(Constructor.java:500)
	at storage.ClockReplacerTest.testPinnedFramesAreSkipped(ClockReplacerTest.java:172)
	at java.base/java.lang.reflect.Method.invoke(Method.java:569)
	at java.base/java.util.ArrayList.forEach(ArrayList.java:1511)
	at java.base/java.util.ArrayList.forEach(ArrayList.java:1511)

storage.ClockReplacerTest.testRepinRefreshesReferenceBit -- Time elapsed: 0.002 s <<< FAILURE!
org.opentest4j.AssertionFailedError: 

expected: 1
 but was: 0
	at java.base/jdk.internal.reflect.NativeConstructorAccessorImpl.newInstance0(Native Method)
	at java.base/jdk.internal.reflect.NativeConstructorAccessorImpl.newInstance(NativeConstructorAccessorImpl.java:77)
	at java.base/jdk.internal.reflect.DelegatingConstructorAccessorImpl.newInstance(DelegatingConstructorAccessorImpl.java:45)
	at java.base/java.lang.reflect.Constructor.newInstanceWithCaller(Constructor.java:500)
	at storage.ClockReplacerTest.testRepinRefreshesReferenceBit(ClockReplacerTest.java:102)
	at java.base/java.lang.reflect.Method.invoke(Method.java:569)
	at java.base/java.util.ArrayList.forEach(ArrayList.java:1511)
	at java.base/java.util.ArrayList.forEach(ArrayList.java:1511)

storage.ClockReplacerTest.testSizeRemainsStableAcrossStateTransitions -- Time elapsed: 0.002 s <<< ERROR!
java.lang.NullPointerException: Cannot invoke "java.util.List.size()" because "this.frames" is null
	at edu.sustech.cs307.storage.replacer.ClockReplacer.size(ClockReplacer.java:28)
	at storage.ClockReplacerTest.testSizeRemainsStableAcrossStateTransitions(ClockReplacerTest.java:210)
	at java.base/java.lang.reflect.Method.invoke(Method.java:569)
	at java.base/java.util.ArrayList.forEach(ArrayList.java:1511)
	at java.base/java.util.ArrayList.forEach(ArrayList.java:1511)

storage.ClockReplacerTest.testInsertionAfterEvictionKeepsClockOrder -- Time elapsed: 0.003 s <<< FAILURE!
org.opentest4j.AssertionFailedError: 

expected: 1
 but was: 0
	at java.base/jdk.internal.reflect.NativeConstructorAccessorImpl.newInstance0(Native Method)
	at java.base/jdk.internal.reflect.NativeConstructorAccessorImpl.newInstance(NativeConstructorAccessorImpl.java:77)
	at java.base/jdk.internal.reflect.DelegatingConstructorAccessorImpl.newInstance(DelegatingConstructorAccessorImpl.java:45)
	at java.base/java.lang.reflect.Constructor.newInstanceWithCaller(Constructor.java:500)
	at storage.ClockReplacerTest.testInsertionAfterEvictionKeepsClockOrder(ClockReplacerTest.java:196)
	at java.base/java.lang.reflect.Method.invoke(Method.java:569)
	at java.base/java.util.ArrayList.forEach(ArrayList.java:1511)
	at java.base/java.util.ArrayList.forEach(ArrayList.java:1511)

storage.ClockReplacerTest.testRepinExistingEvictableFrameMakesItPinned -- Time elapsed: 0.001 s <<< ERROR!
java.lang.NullPointerException: Cannot invoke "java.util.List.size()" because "this.frames" is null
	at edu.sustech.cs307.storage.replacer.ClockReplacer.size(ClockReplacer.java:28)
	at storage.ClockReplacerTest.testRepinExistingEvictableFrameMakesItPinned(ClockReplacerTest.java:119)
	at java.base/java.lang.reflect.Method.invoke(Method.java:569)
	at java.base/java.util.ArrayList.forEach(ArrayList.java:1511)
	at java.base/java.util.ArrayList.forEach(ArrayList.java:1511)

storage.ClockReplacerTest.testVictimWhenEmpty -- Time elapsed: 0.002 s <<< FAILURE!
org.opentest4j.AssertionFailedError: 

expected: -1
 but was: 0
	at java.base/jdk.internal.reflect.NativeConstructorAccessorImpl.newInstance0(Native Method)
	at java.base/jdk.internal.reflect.NativeConstructorAccessorImpl.newInstance(NativeConstructorAccessorImpl.java:77)
	at java.base/jdk.internal.reflect.DelegatingConstructorAccessorImpl.newInstance(DelegatingConstructorAccessorImpl.java:45)
	at java.base/java.lang.reflect.Constructor.newInstanceWithCaller(Constructor.java:500)
	at storage.ClockReplacerTest.testVictimWhenEmpty(ClockReplacerTest.java:42)
	at java.base/java.lang.reflect.Method.invoke(Method.java:569)
	at java.base/java.util.ArrayList.forEach(ArrayList.java:1511)
	at java.base/java.util.ArrayList.forEach(ArrayList.java:1511)

storage.ClockReplacerTest.testDuplicatePinKeepsSize -- Time elapsed: 0.001 s <<< ERROR!
java.lang.NullPointerException: Cannot invoke "java.util.List.size()" because "this.frames" is null
	at edu.sustech.cs307.storage.replacer.ClockReplacer.size(ClockReplacer.java:28)
	at storage.ClockReplacerTest.testDuplicatePinKeepsSize(ClockReplacerTest.java:62)
	at java.base/java.lang.reflect.Method.invoke(Method.java:569)
	at java.base/java.util.ArrayList.forEach(ArrayList.java:1511)
	at java.base/java.util.ArrayList.forEach(ArrayList.java:1511)

storage.ClockReplacerTest.testPinUntilCapacity -- Time elapsed: 0.002 s <<< ERROR!
java.lang.NullPointerException: Cannot invoke "java.util.List.size()" because "this.frames" is null
	at edu.sustech.cs307.storage.replacer.ClockReplacer.size(ClockReplacer.java:28)
	at storage.ClockReplacerTest.testPinUntilCapacity(ClockReplacerTest.java:50)
	at java.base/java.lang.reflect.Method.invoke(Method.java:569)
	at java.base/java.util.ArrayList.forEach(ArrayList.java:1511)
	at java.base/java.util.ArrayList.forEach(ArrayList.java:1511)

storage.ClockReplacerTest.testDoubleUnpinFails -- Time elapsed: 0.002 s <<< FAILURE!
java.lang.AssertionError: 

Expecting code to raise a throwable.
	at storage.ClockReplacerTest.testDoubleUnpinFails(ClockReplacerTest.java:157)
	at java.base/java.lang.reflect.Method.invoke(Method.java:569)
	at java.base/java.util.ArrayList.forEach(ArrayList.java:1511)
	at java.base/java.util.ArrayList.forEach(ArrayList.java:1511)

storage.ClockReplacerTest.testVictimUsesSecondChance -- Time elapsed: 0.002 s <<< FAILURE!
org.opentest4j.AssertionFailedError: 

expected: 1
 but was: 0
	at java.base/jdk.internal.reflect.NativeConstructorAccessorImpl.newInstance0(Native Method)
	at java.base/jdk.internal.reflect.NativeConstructorAccessorImpl.newInstance(NativeConstructorAccessorImpl.java:77)
	at java.base/jdk.internal.reflect.DelegatingConstructorAccessorImpl.newInstance(DelegatingConstructorAccessorImpl.java:45)
	at java.base/java.lang.reflect.Constructor.newInstanceWithCaller(Constructor.java:500)
	at storage.ClockReplacerTest.testVictimUsesSecondChance(ClockReplacerTest.java:80)
	at java.base/java.lang.reflect.Method.invoke(Method.java:569)
	at java.base/java.util.ArrayList.forEach(ArrayList.java:1511)
	at java.base/java.util.ArrayList.forEach(ArrayList.java:1511)

storage.ClockReplacerTest.testAllPinnedNoVictim -- Time elapsed: 0.001 s <<< FAILURE!
org.opentest4j.AssertionFailedError: 

expected: -1
 but was: 0
	at java.base/jdk.internal.reflect.NativeConstructorAccessorImpl.newInstance0(Native Method)
	at java.base/jdk.internal.reflect.NativeConstructorAccessorImpl.newInstance(NativeConstructorAccessorImpl.java:77)
	at java.base/jdk.internal.reflect.DelegatingConstructorAccessorImpl.newInstance(DelegatingConstructorAccessorImpl.java:45)
	at java.base/java.lang.reflect.Constructor.newInstanceWithCaller(Constructor.java:500)
	at storage.ClockReplacerTest.testAllPinnedNoVictim(ClockReplacerTest.java:132)
	at java.base/java.lang.reflect.Method.invoke(Method.java:569)
	at java.base/java.util.ArrayList.forEach(ArrayList.java:1511)
	at java.base/java.util.ArrayList.forEach(ArrayList.java:1511)

storage.ClockReplacerTest.testReaccessBeforeFirstVictimDoesNotBehaveLikeLru -- Time elapsed: 0.002 s <<< FAILURE!
org.opentest4j.AssertionFailedError: 

expected: 1
 but was: 0
	at java.base/jdk.internal.reflect.NativeConstructorAccessorImpl.newInstance0(Native Method)
	at java.base/jdk.internal.reflect.NativeConstructorAccessorImpl.newInstance(NativeConstructorAccessorImpl.java:77)
	at java.base/jdk.internal.reflect.DelegatingConstructorAccessorImpl.newInstance(DelegatingConstructorAccessorImpl.java:45)
	at java.base/java.lang.reflect.Constructor.newInstanceWithCaller(Constructor.java:500)
	at storage.ClockReplacerTest.testReaccessBeforeFirstVictimDoesNotBehaveLikeLru(ClockReplacerTest.java:93)
	at java.base/java.lang.reflect.Method.invoke(Method.java:569)
	at java.base/java.util.ArrayList.forEach(ArrayList.java:1511)
	at java.base/java.util.ArrayList.forEach(ArrayList.java:1511)

storage.ClockReplacerTest.testUnpinUnknownFrame -- Time elapsed: 0.002 s <<< FAILURE!
java.lang.AssertionError: 

Expecting code to raise a throwable.
	at storage.ClockReplacerTest.testUnpinUnknownFrame(ClockReplacerTest.java:70)
	at java.base/java.lang.reflect.Method.invoke(Method.java:569)
	at java.base/java.util.ArrayList.forEach(ArrayList.java:1511)
	at java.base/java.util.ArrayList.forEach(ArrayList.java:1511)

storage.ClockReplacerTest.testVictimRemovesFrameCompletely -- Time elapsed: 0.002 s <<< FAILURE!
org.opentest4j.AssertionFailedError: 

expected: 1
 but was: 0
	at java.base/jdk.internal.reflect.NativeConstructorAccessorImpl.newInstance0(Native Method)
	at java.base/jdk.internal.reflect.NativeConstructorAccessorImpl.newInstance(NativeConstructorAccessorImpl.java:77)
	at java.base/jdk.internal.reflect.DelegatingConstructorAccessorImpl.newInstance(DelegatingConstructorAccessorImpl.java:45)
	at java.base/java.lang.reflect.Constructor.newInstanceWithCaller(Constructor.java:500)
	at storage.ClockReplacerTest.testVictimRemovesFrameCompletely(ClockReplacerTest.java:144)
	at java.base/java.lang.reflect.Method.invoke(Method.java:569)
	at java.base/java.util.ArrayList.forEach(ArrayList.java:1511)
	at java.base/java.util.ArrayList.forEach(ArrayList.java:1511)

