<?xml version="1.0" encoding="UTF-8"?>
<testsuite xmlns:xsi="http://www.w3.org/2001/XMLSchema-instance" xsi:noNamespaceSchemaLocation="https://maven.apache.org/surefire/maven-surefire-plugin/xsd/surefire-test-report.xsd" version="3.0.2" name="storage.ClockReplacerTest" time="0.127" tests="15" errors="5" skipped="0" failures="10">
  <properties>
[...]
</properties>
  <testcase name="testInsertAfterEviction" classname="storage.ClockReplacerTest" time="0.052">
    <error message="Cannot invoke &quot;java.util.List.size()&quot; because &quot;this.frames&quot; is null" type="java.lang.NullPointerException"><![CDATA[java.lang.NullPointerException: Cannot invoke "java.util.List.size()" because "this.frames" is null
	at edu.sustech.cs307.storage.replacer.ClockReplacer.size(ClockReplacer.java:28)
	at storage.ClockReplacerTest.testInsertAfterEviction(ClockReplacerTest.java:187)
	at java.base/java.lang.reflect.Method.invoke(Method.java:569)
	at java.base/java.util.ArrayList.forEach(ArrayList.java:1511)
	at java.base/java.util.ArrayList.forEach(ArrayList.java:1511)
]]></error>
  </testcase>
  <testcase name="testPinnedFramesAreSkipped" classname="storage.ClockReplacerTest" time="0.008">
    <failure message="&#10;expected: 1&#10; but was: 0" type="org.opentest4j.AssertionFailedError"><![CDATA[org.opentest4j.AssertionFailedError: 

expected: 1
 but was: 0
	at java.base/jdk.internal.reflect.NativeConstructorAccessorImpl.newInstance0(Native Method)
	at java.base/jdk.internal.reflect.NativeConstructorAccessorImpl.newInstance(NativeConstructorAccessorImpl.java:77)
	at java.base/jdk.internal.reflect.DelegatingConstructorAccessorImpl.newInstance(DelegatingConstructorAccessorImpl.java:45)
	at java.base/java.lang.reflect.Constructor.newInstanceWithCaller(Constructor.java:500)
	at storage.ClockReplacerTest.testPinnedFramesAreSkipped(ClockReplacerTest.java:172)
	at java.base/java.lang.reflect.Method.invoke(Method.java:569)
	at java.base/java.util.ArrayList.forEach(ArrayList.java:1511)
	at java.base/java.util.ArrayList.forEach(ArrayList.java:1511)
]]></failure>
  </testcase>
  <testcase name="testRepinRefreshesReferenceBit" classname="storage.ClockReplacerTest" time="0.002">
    <failure message="&#10;expected: 1&#10; but was: 0" type="org.opentest4j.AssertionFailedError"><![CDATA[org.opentest4j.AssertionFailedError: 

expected: 1
 but was: 0
	at java.base/jdk.internal.reflect.NativeConstructorAccessorImpl.newInstance0(Native Method)
	at java.base/jdk.internal.reflect.NativeConstructorAccessorImpl.newInstance(NativeConstructorAccessorImpl.java:77)
	at java.base/jdk.internal.reflect.DelegatingConstructorAccessorImpl.newInstance(DelegatingConstructorAccessorImpl.java:45)
	at java.base/java.lang.reflect.Constructor.newInstanceWithCaller(Constructor.java:500)
	at storage.ClockReplacerTest.testRepinRefreshesReferenceBit(ClockReplacerTest.java:102)
	at java.base/java.lang.reflect.Method.invoke(Method.java:569)
	at java.base/java.util.ArrayList.forEach(ArrayList.java:1511)
	at java.base/java.util.ArrayList.forEach(ArrayList.java:1511)
]]></failure>
  </testcase>
  <testcase name="testSizeRemainsStableAcrossStateTransitions" classname="storage.ClockReplacerTest" time="0.002">
    <error message="Cannot invoke &quot;java.util.List.size()&quot; because &quot;this.frames&quot; is null" type="java.lang.NullPointerException"><![CDATA[java.lang.NullPointerException: Cannot invoke "java.util.List.size()" because "this.frames" is null
	at edu.sustech.cs307.storage.replacer.ClockReplacer.size(ClockReplacer.java:28)
	at storage.ClockReplacerTest.testSizeRemainsStableAcrossStateTransitions(ClockReplacerTest.java:210)
	at java.base/java.lang.reflect.Method.invoke(Method.java:569)
	at java.base/java.util.ArrayList.forEach(ArrayList.java:1511)
	at java.base/java.util.ArrayList.forEach(ArrayList.java:1511)
]]></error>
  </testcase>
  <testcase name="testInsertionAfterEvictionKeepsClockOrder" classname="storage.ClockReplacerTest" time="0.003">
    <failure message="&#10;expected: 1&#10; but was: 0" type="org.opentest4j.AssertionFailedError"><![CDATA[org.opentest4j.AssertionFailedError: 

expected: 1
 but was: 0
	at java.base/jdk.internal.reflect.NativeConstructorAccessorImpl.newInstance0(Native Method)
	at java.base/jdk.internal.reflect.NativeConstructorAccessorImpl.newInstance(NativeConstructorAccessorImpl.java:77)
	at java.base/jdk.internal.reflect.DelegatingConstructorAccessorImpl.newInstance(DelegatingConstructorAccessorImpl.java:45)
	at java.base/java.lang.reflect.Constructor.newInstanceWithCaller(Constructor.java:500)
	at storage.ClockReplacerTest.testInsertionAfterEvictionKeepsClockOrder(ClockReplacerTest.java:196)
	at java.base/java.lang.reflect.Method.invoke(Method.java:569)
	at java.base/java.util.ArrayList.forEach(ArrayList.java:1511)
	at java.base/java.util.ArrayList.forEach(ArrayList.java:1511)
]]></failure>
  </testcase>
  <testcase name="testRepinExistingEvictableFrameMakesItPinned" classname="storage.ClockReplacerTest" time="0.001">
    <error message="Cannot invoke &quot;java.util.List.size()&quot; because &quot;this.frames&quot; is null" type="java.lang.NullPointerException"><![CDATA[java.lang.NullPointerException: Cannot invoke "java.util.List.size()" because "this.frames" is null
	at edu.sustech.cs307.storage.replacer.ClockReplacer.size(ClockReplacer.java:28)
	at storage.ClockReplacerTest.testRepinExistingEvictableFrameMakesItPinned(ClockReplacerTest.java:119)
	at java.base/java.lang.reflect.Method.invoke(Method.java:569)
	at java.base/java.util.ArrayList.forEach(ArrayList.java:1511)
	at java.base/java.util.ArrayList.forEach(ArrayList.java:1511)
]]></error>
  </testcase>
  <testcase name="testVictimWhenEmpty" classname="storage.ClockReplacerTest" time="0.002">
    <failure message="&#10;expected: -1&#10; but was: 0" type="org.opentest4j.AssertionFailedError"><![CDATA[org.opentest4j.AssertionFailedError: 

expected: -1
 but was: 0
	at java.base/jdk.internal.reflect.NativeConstructorAccessorImpl.newInstance0(Native Method)
	at java.base/jdk.internal.reflect.NativeConstructorAccessorImpl.newInstance(NativeConstructorAccessorImpl.java:77)
	at java.base/jdk.internal.reflect.DelegatingConstructorAccessorImpl.newInstance(DelegatingConstructorAccessorImpl.java:45)
	at java.base/java.lang.reflect.Constructor.newInstanceWithCaller(Constructor.java:500)
	at storage.ClockReplacerTest.testVictimWhenEmpty(ClockReplacerTest.java:42)
	at java.base/java.lang.reflect.Method.invoke(Method.java:569)
	at java.base/java.util.ArrayList.forEach(ArrayList.java:1511)
	at java.base/java.util.ArrayList.forEach(ArrayList.java:1511)
]]></failure>
  </testcase>
  <testcase name="testDuplicatePinKeepsSize" classname="storage.ClockReplacerTest" time="0.001">
    <error message="Cannot invoke &quot;java.util.List.size()&quot; because &quot;this.frames&quot; is null" type="java.lang.NullPointerException"><![CDATA[java.lang.NullPointerException: Cannot invoke "java.util.List.size()" because "this.frames" is null
	at edu.sustech.cs307.storage.replacer.ClockReplacer.size(ClockReplacer.java:28)
	at storage.ClockReplacerTest.testDuplicatePinKeepsSize(ClockReplacerTest.java:62)
	at java.base/java.lang.reflect.Method.invoke(Method.java:569)
	at java.base/java.util.ArrayList.forEach(ArrayList.java:1511)
	at java.base/java.util.ArrayList.forEach(ArrayList.java:1511)
]]></error>
  </testcase>
  <testcase name="testPinUntilCapacity" classname="storage.ClockReplacerTest" time="0.002">
    <error message="Cannot invoke &quot;java.util.List.size()&quot; because &quot;this.frames&quot; is null" type="java.lang.NullPointerException"><![CDATA[java.lang.NullPointerException: Cannot invoke "java.util.List.size()" because "this.frames" is null
	at edu.sustech.cs307.storage.replacer.ClockReplacer.size(ClockReplacer.java:28)
	at storage.ClockReplacerTest.testPinUntilCapacity(ClockReplacerTest.java:50)
	at java.base/java.lang.reflect.Method.invoke(Method.java:569)
	at java.base/java.util.ArrayList.forEach(ArrayList.java:1511)
	at java.base/java.util.ArrayList.forEach(ArrayList.java:1511)
]]></error>
  </testcase>
  <testcase name="testDoubleUnpinFails" classname="storage.ClockReplacerTest" time="0.002">
    <failure message="&#10;Expecting code to raise a throwable." type="java.lang.AssertionError"><![CDATA[java.lang.AssertionError: 

Expecting code to raise a throwable.
	at storage.ClockReplacerTest.testDoubleUnpinFails(ClockReplacerTest.java:157)
	at java.base/java.lang.reflect.Method.invoke(Method.java:569)
	at java.base/java.util.ArrayList.forEach(ArrayList.java:1511)
	at java.base/java.util.ArrayList.forEach(ArrayList.java:1511)
]]></failure>
  </testcase>
  <testcase name="testVictimUsesSecondChance" classname="storage.ClockReplacerTest" time="0.002">
    <failure message="&#10;expected: 1&#10; but was: 0" type="org.opentest4j.AssertionFailedError"><![CDATA[org.opentest4j.AssertionFailedError: 

expected: 1
 but was: 0
	at java.base/jdk.internal.reflect.NativeConstructorAccessorImpl.newInstance0(Native Method)
	at java.base/jdk.internal.reflect.NativeConstructorAccessorImpl.newInstance(NativeConstructorAccessorImpl.java:77)
	at java.base/jdk.internal.reflect.DelegatingConstructorAccessorImpl.newInstance(DelegatingConstructorAccessorImpl.java:45)
	at java.base/java.lang.reflect.Constructor.newInstanceWithCaller(Constructor.java:500)
	at storage.ClockReplacerTest.testVictimUsesSecondChance(ClockReplacerTest.java:80)
	at java.base/java.lang.reflect.Method.invoke(Method.java:569)
	at java.base/java.util.ArrayList.forEach(ArrayList.java:1511)
	at java.base/java.util.ArrayList.forEach(ArrayList.java:1511)
]]></failure>
  </testcase>
  <testcase name="testAllPinnedNoVictim" classname="storage.ClockReplacerTest" time="0.001">
    <failure message="&#10;expected: -1&#10; but was: 0" type="org.opentest4j.AssertionFailedError"><![CDATA[org.opentest4j.AssertionFailedError: 

expected: -1
 but was: 0
	at java.base/jdk.internal.reflect.NativeConstructorAccessorImpl.newInstance0(Native Method)
	at java.base/jdk.internal.reflect.NativeConstructorAccessorImpl.newInstance(NativeConstructorAccessorImpl.java:77)
	at java.base/jdk.internal.reflect.DelegatingConstructorAccessorImpl.newInstance(DelegatingConstructorAccessorImpl.java:45)
	at java.base/java.lang.reflect.Constructor.newInstanceWithCaller(Constructor.java:500)
	at storage.ClockReplacerTest.testAllPinnedNoVictim(ClockReplacerTest.java:132)
	at java.base/java.lang.reflect.Method.invoke(Method.java:569)
	at java.base/java.util.ArrayList.forEach(ArrayList.java:1511)
	at java.base/java.util.ArrayList.forEach(ArrayList.java:1511)
]]></failure>
  </testcase>
  <testcase name="testReaccessBeforeFirstVictimDoesNotBehaveLikeLru" classname="storage.ClockReplacerTest" time="0.002">
    <failure message="&#10;expected: 1&#10; but was: 0" type="org.opentest4j.AssertionFailedError"><![CDATA[org.opentest4j.AssertionFailedError: 

expected: 1
 but was: 0
	at java.base/jdk.internal.reflect.NativeConstructorAccessorImpl.newInstance0(Native Method)
	at java.base/jdk.internal.reflect.NativeConstructorAccessorImpl.newInstance(NativeConstructorAccessorImpl.java:77)
	at java.base/jdk.internal.reflect.DelegatingConstructorAccessorImpl.newInstance(DelegatingConstructorAccessorImpl.java:45)
	at java.base/java.lang.reflect.Constructor.newInstanceWithCaller(Constructor.java:500)
	at storage.ClockReplacerTest.testReaccessBeforeFirstVictimDoesNotBehaveLikeLru(ClockReplacerTest.java:93)
	at java.base/java.lang.reflect.Method.invoke(Method.java:569)
	at java.base/java.util.ArrayList.forEach(ArrayList.java:1511)
	at java.base/java.util.ArrayList.forEach(ArrayList.java:1511)
]]></failure>
  </testcase>
  <testcase name="testUnpinUnknownFrame" classname="storage.ClockReplacerTest" time="0.002">
    <failure message="&#10;Expecting code to raise a throwable." type="java.lang.AssertionError"><![CDATA[java.lang.AssertionError: 

Expecting code to raise a throwable.
	at storage.ClockReplacerTest.testUnpinUnknownFrame(ClockReplacerTest.java:70)
	at java.base/java.lang.reflect.Method.invoke(Method.java:569)
	at java.base/java.util.ArrayList.forEach(ArrayList.java:1511)
	at java.base/java.util.ArrayList.forEach(ArrayList.java:1511)
]]></failure>
  </testcase>
  <testcase name="testVictimRemovesFrameCompletely" classname="storage.ClockReplacerTest" time="0.002">
    <failure message="&#10;expected: 1&#10; but was: 0" type="org.opentest4j.AssertionFailedError"><![CDATA[org.opentest4j.AssertionFailedError: 

expected: 1
 but was: 0
	at java.base/jdk.internal.reflect.NativeConstructorAccessorImpl.newInstance0(Native Method)
	at java.base/jdk.internal.reflect.NativeConstructorAccessorImpl.newInstance(NativeConstructorAccessorImpl.java:77)
	at java.base/jdk.internal.reflect.DelegatingConstructorAccessorImpl.newInstance(DelegatingConstructorAccessorImpl.java:45)
	at java.base/java.lang.reflect.Constructor.newInstanceWithCaller(Constructor.java:500)
	at storage.ClockReplacerTest.testVictimRemovesFrameCompletely(ClockReplacerTest.java:144)
	at java.base/java.lang.reflect.Method.invoke(Method.java:569)
	at java.base/java.util.ArrayList.forEach(ArrayList.java:1511)
	at java.base/java.util.ArrayList.forEach(ArrayList.java:1511)
]]></failure>
  </testcase>
</testsuite>