<?xml version="1.0" encoding="UTF-8"?>
<testsuite xmlns:xsi="http://www.w3.org/2001/XMLSchema-instance" xsi:noNamespaceSchemaLocation="https://maven.apache.org/surefire/maven-surefire-plugin/xsd/surefire-test-report.xsd" version="3.0.2" name="system.RecordManagerTest" time="0.026" tests="5" errors="0" skipped="0" failures="1">
  <properties>
[...]
</properties>
  <testcase name="testCreateFileWithInvalidRecordSize" classname="system.RecordManagerTest" time="0.005"/>
  <testcase name="testCloseFile" classname="system.RecordManagerTest" time="0.005"/>
  <testcase name="testOpenFile" classname="system.RecordManagerTest" time="0.003"/>
  <testcase name="testCreateFile" classname="system.RecordManagerTest" time="0.004">
    <failure message="&#10;expected: 1&#10; but was: 0" type="org.opentest4j.AssertionFailedError"><![CDATA[org.opentest4j.AssertionFailedError: 

expected: 1
 but was: 0
	at jdk.internal.reflect.GeneratedConstructorAccessor7.newInstance(Unknown Source)
	at java.base/jdk.internal.reflect.DelegatingConstructorAccessorImpl.newInstance(DelegatingConstructorAccessorImpl.java:45)
	at java.base/java.lang.reflect.Constructor.newInstanceWithCaller(Constructor.java:500)
	at system.RecordManagerTest.testCreateFile(RecordManagerTest.java:59)
	at java.base/java.lang.reflect.Method.invoke(Method.java:569)
	at java.base/java.util.ArrayList.forEach(ArrayList.java:1511)
	at java.base/java.util.ArrayList.forEach(ArrayList.java:1511)
]]></failure>
  </testcase>
  <testcase name="testDeleteFile" classname="system.RecordManagerTest" time="0.004"/>
</testsuite>